{
  "RSpec": {
    "coverage": {
      "/home/ubuntu/rails_projects/app_with_rspec/app/controllers/application_controller.rb": [
        1,
        1,
        1,
        null
      ],
      "/home/ubuntu/rails_projects/app_with_rspec/app/helpers/application_helper.rb": [
        1,
        null
      ],
      "/home/ubuntu/rails_projects/app_with_rspec/app/helpers/cars_helper.rb": [
        1,
        null,
        null
      ],
      "/home/ubuntu/rails_projects/app_with_rspec/app/helpers/complains_helper.rb": [
        1,
        null
      ],
      "/home/ubuntu/rails_projects/app_with_rspec/app/helpers/sessions_helper.rb": [
        1,
        null,
        1,
        5,
        null,
        5,
        null,
        1,
        226,
        null,
        null,
        1,
        6,
        null,
        1,
        231,
        null,
        1,
        1,
        1,
        null,
        null
      ],
      "/home/ubuntu/rails_projects/app_with_rspec/app/helpers/static_pages_helper.rb": [
        1,
        null
      ],
      "/home/ubuntu/rails_projects/app_with_rspec/app/helpers/users_helper.rb": [
        1,
        1,
        9,
        9,
        9,
        null,
        null
      ],
      "/home/ubuntu/rails_projects/app_with_rspec/app/controllers/cars_controller.rb": [
        1,
        null,
        1,
        1,
        1,
        1,
        1,
        1,
        1,
        null,
        null,
        null,
        null,
        null,
        1,
        0,
        null,
        0,
        0,
        0,
        null,
        null,
        null,
        null,
        null,
        1,
        1,
        null,
        1,
        1,
        1,
        null,
        null,
        null,
        null,
        1,
        0,
        null,
        null,
        null,
        null,
        1,
        5,
        null,
        5,
        5,
        0,
        0,
        null,
        10,
        5,
        null,
        null,
        null,
        null,
        null,
        null,
        1,
        0,
        null,
        0,
        0,
        0,
        0,
        null,
        0,
        0,
        null,
        null,
        null,
        null,
        null,
        null,
        1,
        0,
        0,
        null,
        0,
        0,
        0,
        null,
        null,
        null
      ],
      "/home/ubuntu/rails_projects/app_with_rspec/app/models/car.rb": [
        1,
        1,
        1,
        1,
        1,
        1,
        1,
        1,
        1,
        1,
        null
      ],
      "/home/ubuntu/rails_projects/app_with_rspec/app/controllers/complains_controller.rb": [
        1,
        null,
        null,
        1,
        5,
        5,
        5,
        5,
        5,
        5,
        null,
        null,
        null,
        null,
        null,
        1,
        0,
        null,
        0,
        0,
        0,
        null,
        null,
        null,
        null,
        null,
        1,
        1,
        null,
        1,
        1,
        1,
        null,
        null,
        null,
        null,
        1,
        0,
        null,
        null,
        null,
        null,
        1,
        5,
        null,
        5,
        5,
        0,
        0,
        null,
        10,
        5,
        null,
        null,
        null,
        null,
        null,
        null,
        1,
        0,
        null,
        0,
        0,
        0,
        0,
        null,
        0,
        0,
        null,
        null,
        null,
        null,
        null,
        null,
        1,
        0,
        0,
        null,
        0,
        0,
        0,
        null,
        null,
        null
      ],
      "/home/ubuntu/rails_projects/app_with_rspec/app/models/complain.rb": [
        1,
        1,
        1,
        1,
        1,
        1,
        1,
        1,
        null
      ],
      "/home/ubuntu/rails_projects/app_with_rspec/app/controllers/sessions_controller.rb": [
        1,
        null,
        1,
        null,
        null,
        1,
        8,
        8,
        5,
        5,
        null,
        3,
        3,
        null,
        null,
        1,
        1,
        1,
        null,
        null
      ],
      "/home/ubuntu/rails_projects/app_with_rspec/app/controllers/static_pages_controller.rb": [
        1,
        1,
        null,
        null,
        1,
        null,
        null,
        1,
        null,
        null,
        1,
        null,
        null
      ],
      "/home/ubuntu/rails_projects/app_with_rspec/app/controllers/users_controller.rb": [
        1,
        1,
        6,
        null,
        null,
        1,
        9,
        null,
        null,
        1,
        2,
        2,
        0,
        0,
        0,
        null,
        2,
        null,
        null,
        null
      ],
      "/home/ubuntu/rails_projects/app_with_rspec/app/models/user.rb": [
        1,
        1,
        1,
        1,
        1,
        1,
        1,
        16,
        null,
        1,
        1,
        1,
        1,
        1,
        1,
        1,
        null,
        null,
        1,
        15,
        null,
        null
      ]
    },
    "timestamp": 1358527413
  }
}
